
2017-06-19 15:25:05
[ERROR]-[Thread: JFinal-Scanner]-[com.jfinal.core.Config.startPlugins()]: Plugin start error: com.jfinal.plugin.activerecord.ActiveRecordPlugin. 
the parameter of #p or #para directive must be identifier
Template: "/sql/demo.sql". Line: 15
com.jfinal.template.stat.ParseException: the parameter of #p or #para directive must be identifier
Template: "/sql/demo.sql". Line: 15
	at com.jfinal.plugin.activerecord.sql.ParaDirective.setExprList(ParaDirective.java:57)
	at com.jfinal.template.stat.Parser.stat(Parser.java:210)
	at com.jfinal.template.stat.Parser.statList(Parser.java:100)
	at com.jfinal.template.stat.Parser.stat(Parser.java:213)
	at com.jfinal.template.stat.Parser.statList(Parser.java:100)
	at com.jfinal.template.stat.Parser.stat(Parser.java:213)
	at com.jfinal.template.stat.Parser.statList(Parser.java:100)
	at com.jfinal.template.stat.Parser.parse(Parser.java:90)
	at com.jfinal.template.Engine.buildTemplateByFileStringSource(Engine.java:151)
	at com.jfinal.template.Engine.getTemplate(Engine.java:133)
	at com.jfinal.plugin.activerecord.sql.SqlKit.parseTemplate(SqlKit.java:84)
	at com.jfinal.plugin.activerecord.ActiveRecordPlugin.start(ActiveRecordPlugin.java:207)
	at com.jfinal.core.Config.startPlugins(Config.java:107)
	at com.jfinal.core.Config.configJFinal(Config.java:53)
	at com.jfinal.core.JFinal.init(JFinal.java:63)
	at com.jfinal.core.JFinalFilter.init(JFinalFilter.java:49)
	at org.eclipse.jetty.servlet.FilterHolder.doStart(FilterHolder.java:119)
	at org.eclipse.jetty.util.component.AbstractLifeCycle.start(AbstractLifeCycle.java:64)
	at org.eclipse.jetty.servlet.ServletHandler.initialize(ServletHandler.java:724)
	at org.eclipse.jetty.servlet.ServletContextHandler.startContext(ServletContextHandler.java:265)
	at org.eclipse.jetty.webapp.WebAppContext.startContext(WebAppContext.java:1250)
	at org.eclipse.jetty.server.handler.ContextHandler.doStart(ContextHandler.java:706)
	at org.eclipse.jetty.webapp.WebAppContext.doStart(WebAppContext.java:492)
	at org.eclipse.jetty.util.component.AbstractLifeCycle.start(AbstractLifeCycle.java:64)
	at com.jfinal.server.JettyServer$1.onChange(JettyServer.java:117)
	at com.jfinal.server.Scanner.compare(Scanner.java:88)
	at com.jfinal.server.Scanner.working(Scanner.java:57)
	at com.jfinal.server.Scanner.access$000(Scanner.java:31)
	at com.jfinal.server.Scanner$1.run(Scanner.java:94)
	at java.util.TimerThread.mainLoop(Unknown Source)
	at java.util.TimerThread.run(Unknown Source)

2017-06-19 15:25:05
[ERROR]-[Thread: JFinal-Scanner]-[com.jfinal.kit.LogKit.error()]: Plugin start error: com.jfinal.plugin.activerecord.ActiveRecordPlugin. 
the parameter of #p or #para directive must be identifier
Template: "/sql/demo.sql". Line: 15
java.lang.RuntimeException: Plugin start error: com.jfinal.plugin.activerecord.ActiveRecordPlugin. 
the parameter of #p or #para directive must be identifier
Template: "/sql/demo.sql". Line: 15
	at com.jfinal.core.Config.startPlugins(Config.java:116)
	at com.jfinal.core.Config.configJFinal(Config.java:53)
	at com.jfinal.core.JFinal.init(JFinal.java:63)
	at com.jfinal.core.JFinalFilter.init(JFinalFilter.java:49)
	at org.eclipse.jetty.servlet.FilterHolder.doStart(FilterHolder.java:119)
	at org.eclipse.jetty.util.component.AbstractLifeCycle.start(AbstractLifeCycle.java:64)
	at org.eclipse.jetty.servlet.ServletHandler.initialize(ServletHandler.java:724)
	at org.eclipse.jetty.servlet.ServletContextHandler.startContext(ServletContextHandler.java:265)
	at org.eclipse.jetty.webapp.WebAppContext.startContext(WebAppContext.java:1250)
	at org.eclipse.jetty.server.handler.ContextHandler.doStart(ContextHandler.java:706)
	at org.eclipse.jetty.webapp.WebAppContext.doStart(WebAppContext.java:492)
	at org.eclipse.jetty.util.component.AbstractLifeCycle.start(AbstractLifeCycle.java:64)
	at com.jfinal.server.JettyServer$1.onChange(JettyServer.java:117)
	at com.jfinal.server.Scanner.compare(Scanner.java:88)
	at com.jfinal.server.Scanner.working(Scanner.java:57)
	at com.jfinal.server.Scanner.access$000(Scanner.java:31)
	at com.jfinal.server.Scanner$1.run(Scanner.java:94)
	at java.util.TimerThread.mainLoop(Unknown Source)
	at java.util.TimerThread.run(Unknown Source)
Caused by: com.jfinal.template.stat.ParseException: the parameter of #p or #para directive must be identifier
Template: "/sql/demo.sql". Line: 15
	at com.jfinal.plugin.activerecord.sql.ParaDirective.setExprList(ParaDirective.java:57)
	at com.jfinal.template.stat.Parser.stat(Parser.java:210)
	at com.jfinal.template.stat.Parser.statList(Parser.java:100)
	at com.jfinal.template.stat.Parser.stat(Parser.java:213)
	at com.jfinal.template.stat.Parser.statList(Parser.java:100)
	at com.jfinal.template.stat.Parser.stat(Parser.java:213)
	at com.jfinal.template.stat.Parser.statList(Parser.java:100)
	at com.jfinal.template.stat.Parser.parse(Parser.java:90)
	at com.jfinal.template.Engine.buildTemplateByFileStringSource(Engine.java:151)
	at com.jfinal.template.Engine.getTemplate(Engine.java:133)
	at com.jfinal.plugin.activerecord.sql.SqlKit.parseTemplate(SqlKit.java:84)
	at com.jfinal.plugin.activerecord.ActiveRecordPlugin.start(ActiveRecordPlugin.java:207)
	at com.jfinal.core.Config.startPlugins(Config.java:107)
	... 18 more

2017-06-19 15:25:25
[ERROR]-[Thread: JFinal-Scanner]-[com.jfinal.core.Config.startPlugins()]: Plugin start error: com.jfinal.plugin.activerecord.ActiveRecordPlugin. 
the parameter of #p or #para directive must be identifier
Template: "/sql/demo.sql". Line: 15
com.jfinal.template.stat.ParseException: the parameter of #p or #para directive must be identifier
Template: "/sql/demo.sql". Line: 15
	at com.jfinal.plugin.activerecord.sql.ParaDirective.setExprList(ParaDirective.java:57)
	at com.jfinal.template.stat.Parser.stat(Parser.java:210)
	at com.jfinal.template.stat.Parser.statList(Parser.java:100)
	at com.jfinal.template.stat.Parser.stat(Parser.java:213)
	at com.jfinal.template.stat.Parser.statList(Parser.java:100)
	at com.jfinal.template.stat.Parser.stat(Parser.java:213)
	at com.jfinal.template.stat.Parser.statList(Parser.java:100)
	at com.jfinal.template.stat.Parser.parse(Parser.java:90)
	at com.jfinal.template.Engine.buildTemplateByFileStringSource(Engine.java:151)
	at com.jfinal.template.Engine.getTemplate(Engine.java:133)
	at com.jfinal.plugin.activerecord.sql.SqlKit.parseTemplate(SqlKit.java:84)
	at com.jfinal.plugin.activerecord.ActiveRecordPlugin.start(ActiveRecordPlugin.java:207)
	at com.jfinal.core.Config.startPlugins(Config.java:107)
	at com.jfinal.core.Config.configJFinal(Config.java:53)
	at com.jfinal.core.JFinal.init(JFinal.java:63)
	at com.jfinal.core.JFinalFilter.init(JFinalFilter.java:49)
	at org.eclipse.jetty.servlet.FilterHolder.doStart(FilterHolder.java:119)
	at org.eclipse.jetty.util.component.AbstractLifeCycle.start(AbstractLifeCycle.java:64)
	at org.eclipse.jetty.servlet.ServletHandler.initialize(ServletHandler.java:724)
	at org.eclipse.jetty.servlet.ServletContextHandler.startContext(ServletContextHandler.java:265)
	at org.eclipse.jetty.webapp.WebAppContext.startContext(WebAppContext.java:1250)
	at org.eclipse.jetty.server.handler.ContextHandler.doStart(ContextHandler.java:706)
	at org.eclipse.jetty.webapp.WebAppContext.doStart(WebAppContext.java:492)
	at org.eclipse.jetty.util.component.AbstractLifeCycle.start(AbstractLifeCycle.java:64)
	at com.jfinal.server.JettyServer$1.onChange(JettyServer.java:117)
	at com.jfinal.server.Scanner.compare(Scanner.java:88)
	at com.jfinal.server.Scanner.working(Scanner.java:57)
	at com.jfinal.server.Scanner.access$000(Scanner.java:31)
	at com.jfinal.server.Scanner$1.run(Scanner.java:94)
	at java.util.TimerThread.mainLoop(Unknown Source)
	at java.util.TimerThread.run(Unknown Source)

2017-06-19 15:25:25
[ERROR]-[Thread: JFinal-Scanner]-[com.jfinal.kit.LogKit.error()]: Plugin start error: com.jfinal.plugin.activerecord.ActiveRecordPlugin. 
the parameter of #p or #para directive must be identifier
Template: "/sql/demo.sql". Line: 15
java.lang.RuntimeException: Plugin start error: com.jfinal.plugin.activerecord.ActiveRecordPlugin. 
the parameter of #p or #para directive must be identifier
Template: "/sql/demo.sql". Line: 15
	at com.jfinal.core.Config.startPlugins(Config.java:116)
	at com.jfinal.core.Config.configJFinal(Config.java:53)
	at com.jfinal.core.JFinal.init(JFinal.java:63)
	at com.jfinal.core.JFinalFilter.init(JFinalFilter.java:49)
	at org.eclipse.jetty.servlet.FilterHolder.doStart(FilterHolder.java:119)
	at org.eclipse.jetty.util.component.AbstractLifeCycle.start(AbstractLifeCycle.java:64)
	at org.eclipse.jetty.servlet.ServletHandler.initialize(ServletHandler.java:724)
	at org.eclipse.jetty.servlet.ServletContextHandler.startContext(ServletContextHandler.java:265)
	at org.eclipse.jetty.webapp.WebAppContext.startContext(WebAppContext.java:1250)
	at org.eclipse.jetty.server.handler.ContextHandler.doStart(ContextHandler.java:706)
	at org.eclipse.jetty.webapp.WebAppContext.doStart(WebAppContext.java:492)
	at org.eclipse.jetty.util.component.AbstractLifeCycle.start(AbstractLifeCycle.java:64)
	at com.jfinal.server.JettyServer$1.onChange(JettyServer.java:117)
	at com.jfinal.server.Scanner.compare(Scanner.java:88)
	at com.jfinal.server.Scanner.working(Scanner.java:57)
	at com.jfinal.server.Scanner.access$000(Scanner.java:31)
	at com.jfinal.server.Scanner$1.run(Scanner.java:94)
	at java.util.TimerThread.mainLoop(Unknown Source)
	at java.util.TimerThread.run(Unknown Source)
Caused by: com.jfinal.template.stat.ParseException: the parameter of #p or #para directive must be identifier
Template: "/sql/demo.sql". Line: 15
	at com.jfinal.plugin.activerecord.sql.ParaDirective.setExprList(ParaDirective.java:57)
	at com.jfinal.template.stat.Parser.stat(Parser.java:210)
	at com.jfinal.template.stat.Parser.statList(Parser.java:100)
	at com.jfinal.template.stat.Parser.stat(Parser.java:213)
	at com.jfinal.template.stat.Parser.statList(Parser.java:100)
	at com.jfinal.template.stat.Parser.stat(Parser.java:213)
	at com.jfinal.template.stat.Parser.statList(Parser.java:100)
	at com.jfinal.template.stat.Parser.parse(Parser.java:90)
	at com.jfinal.template.Engine.buildTemplateByFileStringSource(Engine.java:151)
	at com.jfinal.template.Engine.getTemplate(Engine.java:133)
	at com.jfinal.plugin.activerecord.sql.SqlKit.parseTemplate(SqlKit.java:84)
	at com.jfinal.plugin.activerecord.ActiveRecordPlugin.start(ActiveRecordPlugin.java:207)
	at com.jfinal.core.Config.startPlugins(Config.java:107)
	... 18 more

2017-06-19 15:26:11
[ERROR]-[Thread: JFinal-Scanner]-[com.jfinal.core.Config.startPlugins()]: Plugin start error: com.jfinal.plugin.activerecord.ActiveRecordPlugin. 
the parameter of #p or #para directive must be identifier
Template: "/sql/demo.sql". Line: 15
com.jfinal.template.stat.ParseException: the parameter of #p or #para directive must be identifier
Template: "/sql/demo.sql". Line: 15
	at com.jfinal.plugin.activerecord.sql.ParaDirective.setExprList(ParaDirective.java:57)
	at com.jfinal.template.stat.Parser.stat(Parser.java:210)
	at com.jfinal.template.stat.Parser.statList(Parser.java:100)
	at com.jfinal.template.stat.Parser.stat(Parser.java:213)
	at com.jfinal.template.stat.Parser.statList(Parser.java:100)
	at com.jfinal.template.stat.Parser.stat(Parser.java:213)
	at com.jfinal.template.stat.Parser.statList(Parser.java:100)
	at com.jfinal.template.stat.Parser.parse(Parser.java:90)
	at com.jfinal.template.Engine.buildTemplateByFileStringSource(Engine.java:151)
	at com.jfinal.template.Engine.getTemplate(Engine.java:133)
	at com.jfinal.plugin.activerecord.sql.SqlKit.parseTemplate(SqlKit.java:84)
	at com.jfinal.plugin.activerecord.ActiveRecordPlugin.start(ActiveRecordPlugin.java:207)
	at com.jfinal.core.Config.startPlugins(Config.java:107)
	at com.jfinal.core.Config.configJFinal(Config.java:53)
	at com.jfinal.core.JFinal.init(JFinal.java:63)
	at com.jfinal.core.JFinalFilter.init(JFinalFilter.java:49)
	at org.eclipse.jetty.servlet.FilterHolder.doStart(FilterHolder.java:119)
	at org.eclipse.jetty.util.component.AbstractLifeCycle.start(AbstractLifeCycle.java:64)
	at org.eclipse.jetty.servlet.ServletHandler.initialize(ServletHandler.java:724)
	at org.eclipse.jetty.servlet.ServletContextHandler.startContext(ServletContextHandler.java:265)
	at org.eclipse.jetty.webapp.WebAppContext.startContext(WebAppContext.java:1250)
	at org.eclipse.jetty.server.handler.ContextHandler.doStart(ContextHandler.java:706)
	at org.eclipse.jetty.webapp.WebAppContext.doStart(WebAppContext.java:492)
	at org.eclipse.jetty.util.component.AbstractLifeCycle.start(AbstractLifeCycle.java:64)
	at com.jfinal.server.JettyServer$1.onChange(JettyServer.java:117)
	at com.jfinal.server.Scanner.compare(Scanner.java:88)
	at com.jfinal.server.Scanner.working(Scanner.java:57)
	at com.jfinal.server.Scanner.access$000(Scanner.java:31)
	at com.jfinal.server.Scanner$1.run(Scanner.java:94)
	at java.util.TimerThread.mainLoop(Unknown Source)
	at java.util.TimerThread.run(Unknown Source)

2017-06-19 15:26:11
[ERROR]-[Thread: JFinal-Scanner]-[com.jfinal.kit.LogKit.error()]: Plugin start error: com.jfinal.plugin.activerecord.ActiveRecordPlugin. 
the parameter of #p or #para directive must be identifier
Template: "/sql/demo.sql". Line: 15
java.lang.RuntimeException: Plugin start error: com.jfinal.plugin.activerecord.ActiveRecordPlugin. 
the parameter of #p or #para directive must be identifier
Template: "/sql/demo.sql". Line: 15
	at com.jfinal.core.Config.startPlugins(Config.java:116)
	at com.jfinal.core.Config.configJFinal(Config.java:53)
	at com.jfinal.core.JFinal.init(JFinal.java:63)
	at com.jfinal.core.JFinalFilter.init(JFinalFilter.java:49)
	at org.eclipse.jetty.servlet.FilterHolder.doStart(FilterHolder.java:119)
	at org.eclipse.jetty.util.component.AbstractLifeCycle.start(AbstractLifeCycle.java:64)
	at org.eclipse.jetty.servlet.ServletHandler.initialize(ServletHandler.java:724)
	at org.eclipse.jetty.servlet.ServletContextHandler.startContext(ServletContextHandler.java:265)
	at org.eclipse.jetty.webapp.WebAppContext.startContext(WebAppContext.java:1250)
	at org.eclipse.jetty.server.handler.ContextHandler.doStart(ContextHandler.java:706)
	at org.eclipse.jetty.webapp.WebAppContext.doStart(WebAppContext.java:492)
	at org.eclipse.jetty.util.component.AbstractLifeCycle.start(AbstractLifeCycle.java:64)
	at com.jfinal.server.JettyServer$1.onChange(JettyServer.java:117)
	at com.jfinal.server.Scanner.compare(Scanner.java:88)
	at com.jfinal.server.Scanner.working(Scanner.java:57)
	at com.jfinal.server.Scanner.access$000(Scanner.java:31)
	at com.jfinal.server.Scanner$1.run(Scanner.java:94)
	at java.util.TimerThread.mainLoop(Unknown Source)
	at java.util.TimerThread.run(Unknown Source)
Caused by: com.jfinal.template.stat.ParseException: the parameter of #p or #para directive must be identifier
Template: "/sql/demo.sql". Line: 15
	at com.jfinal.plugin.activerecord.sql.ParaDirective.setExprList(ParaDirective.java:57)
	at com.jfinal.template.stat.Parser.stat(Parser.java:210)
	at com.jfinal.template.stat.Parser.statList(Parser.java:100)
	at com.jfinal.template.stat.Parser.stat(Parser.java:213)
	at com.jfinal.template.stat.Parser.statList(Parser.java:100)
	at com.jfinal.template.stat.Parser.stat(Parser.java:213)
	at com.jfinal.template.stat.Parser.statList(Parser.java:100)
	at com.jfinal.template.stat.Parser.parse(Parser.java:90)
	at com.jfinal.template.Engine.buildTemplateByFileStringSource(Engine.java:151)
	at com.jfinal.template.Engine.getTemplate(Engine.java:133)
	at com.jfinal.plugin.activerecord.sql.SqlKit.parseTemplate(SqlKit.java:84)
	at com.jfinal.plugin.activerecord.ActiveRecordPlugin.start(ActiveRecordPlugin.java:207)
	at com.jfinal.core.Config.startPlugins(Config.java:107)
	... 18 more

2017-06-19 15:26:21
[ERROR]-[Thread: JFinal-Scanner]-[com.jfinal.core.Config.startPlugins()]: Plugin start error: com.jfinal.plugin.activerecord.ActiveRecordPlugin. 
the parameter of #p or #para directive must be identifier
Template: "/sql/demo.sql". Line: 15
com.jfinal.template.stat.ParseException: the parameter of #p or #para directive must be identifier
Template: "/sql/demo.sql". Line: 15
	at com.jfinal.plugin.activerecord.sql.ParaDirective.setExprList(ParaDirective.java:57)
	at com.jfinal.template.stat.Parser.stat(Parser.java:210)
	at com.jfinal.template.stat.Parser.statList(Parser.java:100)
	at com.jfinal.template.stat.Parser.stat(Parser.java:213)
	at com.jfinal.template.stat.Parser.statList(Parser.java:100)
	at com.jfinal.template.stat.Parser.stat(Parser.java:213)
	at com.jfinal.template.stat.Parser.statList(Parser.java:100)
	at com.jfinal.template.stat.Parser.parse(Parser.java:90)
	at com.jfinal.template.Engine.buildTemplateByFileStringSource(Engine.java:151)
	at com.jfinal.template.Engine.getTemplate(Engine.java:133)
	at com.jfinal.plugin.activerecord.sql.SqlKit.parseTemplate(SqlKit.java:84)
	at com.jfinal.plugin.activerecord.ActiveRecordPlugin.start(ActiveRecordPlugin.java:207)
	at com.jfinal.core.Config.startPlugins(Config.java:107)
	at com.jfinal.core.Config.configJFinal(Config.java:53)
	at com.jfinal.core.JFinal.init(JFinal.java:63)
	at com.jfinal.core.JFinalFilter.init(JFinalFilter.java:49)
	at org.eclipse.jetty.servlet.FilterHolder.doStart(FilterHolder.java:119)
	at org.eclipse.jetty.util.component.AbstractLifeCycle.start(AbstractLifeCycle.java:64)
	at org.eclipse.jetty.servlet.ServletHandler.initialize(ServletHandler.java:724)
	at org.eclipse.jetty.servlet.ServletContextHandler.startContext(ServletContextHandler.java:265)
	at org.eclipse.jetty.webapp.WebAppContext.startContext(WebAppContext.java:1250)
	at org.eclipse.jetty.server.handler.ContextHandler.doStart(ContextHandler.java:706)
	at org.eclipse.jetty.webapp.WebAppContext.doStart(WebAppContext.java:492)
	at org.eclipse.jetty.util.component.AbstractLifeCycle.start(AbstractLifeCycle.java:64)
	at com.jfinal.server.JettyServer$1.onChange(JettyServer.java:117)
	at com.jfinal.server.Scanner.compare(Scanner.java:88)
	at com.jfinal.server.Scanner.working(Scanner.java:57)
	at com.jfinal.server.Scanner.access$000(Scanner.java:31)
	at com.jfinal.server.Scanner$1.run(Scanner.java:94)
	at java.util.TimerThread.mainLoop(Unknown Source)
	at java.util.TimerThread.run(Unknown Source)

2017-06-19 15:26:21
[ERROR]-[Thread: JFinal-Scanner]-[com.jfinal.kit.LogKit.error()]: Plugin start error: com.jfinal.plugin.activerecord.ActiveRecordPlugin. 
the parameter of #p or #para directive must be identifier
Template: "/sql/demo.sql". Line: 15
java.lang.RuntimeException: Plugin start error: com.jfinal.plugin.activerecord.ActiveRecordPlugin. 
the parameter of #p or #para directive must be identifier
Template: "/sql/demo.sql". Line: 15
	at com.jfinal.core.Config.startPlugins(Config.java:116)
	at com.jfinal.core.Config.configJFinal(Config.java:53)
	at com.jfinal.core.JFinal.init(JFinal.java:63)
	at com.jfinal.core.JFinalFilter.init(JFinalFilter.java:49)
	at org.eclipse.jetty.servlet.FilterHolder.doStart(FilterHolder.java:119)
	at org.eclipse.jetty.util.component.AbstractLifeCycle.start(AbstractLifeCycle.java:64)
	at org.eclipse.jetty.servlet.ServletHandler.initialize(ServletHandler.java:724)
	at org.eclipse.jetty.servlet.ServletContextHandler.startContext(ServletContextHandler.java:265)
	at org.eclipse.jetty.webapp.WebAppContext.startContext(WebAppContext.java:1250)
	at org.eclipse.jetty.server.handler.ContextHandler.doStart(ContextHandler.java:706)
	at org.eclipse.jetty.webapp.WebAppContext.doStart(WebAppContext.java:492)
	at org.eclipse.jetty.util.component.AbstractLifeCycle.start(AbstractLifeCycle.java:64)
	at com.jfinal.server.JettyServer$1.onChange(JettyServer.java:117)
	at com.jfinal.server.Scanner.compare(Scanner.java:88)
	at com.jfinal.server.Scanner.working(Scanner.java:57)
	at com.jfinal.server.Scanner.access$000(Scanner.java:31)
	at com.jfinal.server.Scanner$1.run(Scanner.java:94)
	at java.util.TimerThread.mainLoop(Unknown Source)
	at java.util.TimerThread.run(Unknown Source)
Caused by: com.jfinal.template.stat.ParseException: the parameter of #p or #para directive must be identifier
Template: "/sql/demo.sql". Line: 15
	at com.jfinal.plugin.activerecord.sql.ParaDirective.setExprList(ParaDirective.java:57)
	at com.jfinal.template.stat.Parser.stat(Parser.java:210)
	at com.jfinal.template.stat.Parser.statList(Parser.java:100)
	at com.jfinal.template.stat.Parser.stat(Parser.java:213)
	at com.jfinal.template.stat.Parser.statList(Parser.java:100)
	at com.jfinal.template.stat.Parser.stat(Parser.java:213)
	at com.jfinal.template.stat.Parser.statList(Parser.java:100)
	at com.jfinal.template.stat.Parser.parse(Parser.java:90)
	at com.jfinal.template.Engine.buildTemplateByFileStringSource(Engine.java:151)
	at com.jfinal.template.Engine.getTemplate(Engine.java:133)
	at com.jfinal.plugin.activerecord.sql.SqlKit.parseTemplate(SqlKit.java:84)
	at com.jfinal.plugin.activerecord.ActiveRecordPlugin.start(ActiveRecordPlugin.java:207)
	at com.jfinal.core.Config.startPlugins(Config.java:107)
	... 18 more

2017-06-19 15:26:41
[ERROR]-[Thread: JFinal-Scanner]-[com.jfinal.core.Config.startPlugins()]: Plugin start error: com.jfinal.plugin.activerecord.ActiveRecordPlugin. 
the parameter of #p or #para directive must be identifier
Template: "/sql/demo.sql". Line: 15
com.jfinal.template.stat.ParseException: the parameter of #p or #para directive must be identifier
Template: "/sql/demo.sql". Line: 15
	at com.jfinal.plugin.activerecord.sql.ParaDirective.setExprList(ParaDirective.java:57)
	at com.jfinal.template.stat.Parser.stat(Parser.java:210)
	at com.jfinal.template.stat.Parser.statList(Parser.java:100)
	at com.jfinal.template.stat.Parser.stat(Parser.java:213)
	at com.jfinal.template.stat.Parser.statList(Parser.java:100)
	at com.jfinal.template.stat.Parser.stat(Parser.java:213)
	at com.jfinal.template.stat.Parser.statList(Parser.java:100)
	at com.jfinal.template.stat.Parser.parse(Parser.java:90)
	at com.jfinal.template.Engine.buildTemplateByFileStringSource(Engine.java:151)
	at com.jfinal.template.Engine.getTemplate(Engine.java:133)
	at com.jfinal.plugin.activerecord.sql.SqlKit.parseTemplate(SqlKit.java:84)
	at com.jfinal.plugin.activerecord.ActiveRecordPlugin.start(ActiveRecordPlugin.java:207)
	at com.jfinal.core.Config.startPlugins(Config.java:107)
	at com.jfinal.core.Config.configJFinal(Config.java:53)
	at com.jfinal.core.JFinal.init(JFinal.java:63)
	at com.jfinal.core.JFinalFilter.init(JFinalFilter.java:49)
	at org.eclipse.jetty.servlet.FilterHolder.doStart(FilterHolder.java:119)
	at org.eclipse.jetty.util.component.AbstractLifeCycle.start(AbstractLifeCycle.java:64)
	at org.eclipse.jetty.servlet.ServletHandler.initialize(ServletHandler.java:724)
	at org.eclipse.jetty.servlet.ServletContextHandler.startContext(ServletContextHandler.java:265)
	at org.eclipse.jetty.webapp.WebAppContext.startContext(WebAppContext.java:1250)
	at org.eclipse.jetty.server.handler.ContextHandler.doStart(ContextHandler.java:706)
	at org.eclipse.jetty.webapp.WebAppContext.doStart(WebAppContext.java:492)
	at org.eclipse.jetty.util.component.AbstractLifeCycle.start(AbstractLifeCycle.java:64)
	at com.jfinal.server.JettyServer$1.onChange(JettyServer.java:117)
	at com.jfinal.server.Scanner.compare(Scanner.java:88)
	at com.jfinal.server.Scanner.working(Scanner.java:57)
	at com.jfinal.server.Scanner.access$000(Scanner.java:31)
	at com.jfinal.server.Scanner$1.run(Scanner.java:94)
	at java.util.TimerThread.mainLoop(Unknown Source)
	at java.util.TimerThread.run(Unknown Source)

2017-06-19 15:26:41
[ERROR]-[Thread: JFinal-Scanner]-[com.jfinal.kit.LogKit.error()]: Plugin start error: com.jfinal.plugin.activerecord.ActiveRecordPlugin. 
the parameter of #p or #para directive must be identifier
Template: "/sql/demo.sql". Line: 15
java.lang.RuntimeException: Plugin start error: com.jfinal.plugin.activerecord.ActiveRecordPlugin. 
the parameter of #p or #para directive must be identifier
Template: "/sql/demo.sql". Line: 15
	at com.jfinal.core.Config.startPlugins(Config.java:116)
	at com.jfinal.core.Config.configJFinal(Config.java:53)
	at com.jfinal.core.JFinal.init(JFinal.java:63)
	at com.jfinal.core.JFinalFilter.init(JFinalFilter.java:49)
	at org.eclipse.jetty.servlet.FilterHolder.doStart(FilterHolder.java:119)
	at org.eclipse.jetty.util.component.AbstractLifeCycle.start(AbstractLifeCycle.java:64)
	at org.eclipse.jetty.servlet.ServletHandler.initialize(ServletHandler.java:724)
	at org.eclipse.jetty.servlet.ServletContextHandler.startContext(ServletContextHandler.java:265)
	at org.eclipse.jetty.webapp.WebAppContext.startContext(WebAppContext.java:1250)
	at org.eclipse.jetty.server.handler.ContextHandler.doStart(ContextHandler.java:706)
	at org.eclipse.jetty.webapp.WebAppContext.doStart(WebAppContext.java:492)
	at org.eclipse.jetty.util.component.AbstractLifeCycle.start(AbstractLifeCycle.java:64)
	at com.jfinal.server.JettyServer$1.onChange(JettyServer.java:117)
	at com.jfinal.server.Scanner.compare(Scanner.java:88)
	at com.jfinal.server.Scanner.working(Scanner.java:57)
	at com.jfinal.server.Scanner.access$000(Scanner.java:31)
	at com.jfinal.server.Scanner$1.run(Scanner.java:94)
	at java.util.TimerThread.mainLoop(Unknown Source)
	at java.util.TimerThread.run(Unknown Source)
Caused by: com.jfinal.template.stat.ParseException: the parameter of #p or #para directive must be identifier
Template: "/sql/demo.sql". Line: 15
	at com.jfinal.plugin.activerecord.sql.ParaDirective.setExprList(ParaDirective.java:57)
	at com.jfinal.template.stat.Parser.stat(Parser.java:210)
	at com.jfinal.template.stat.Parser.statList(Parser.java:100)
	at com.jfinal.template.stat.Parser.stat(Parser.java:213)
	at com.jfinal.template.stat.Parser.statList(Parser.java:100)
	at com.jfinal.template.stat.Parser.stat(Parser.java:213)
	at com.jfinal.template.stat.Parser.statList(Parser.java:100)
	at com.jfinal.template.stat.Parser.parse(Parser.java:90)
	at com.jfinal.template.Engine.buildTemplateByFileStringSource(Engine.java:151)
	at com.jfinal.template.Engine.getTemplate(Engine.java:133)
	at com.jfinal.plugin.activerecord.sql.SqlKit.parseTemplate(SqlKit.java:84)
	at com.jfinal.plugin.activerecord.ActiveRecordPlugin.start(ActiveRecordPlugin.java:207)
	at com.jfinal.core.Config.startPlugins(Config.java:107)
	... 18 more

2017-06-19 15:28:58
[ERROR]-[Thread: JFinal-Scanner]-[com.jfinal.core.Config.startPlugins()]: Plugin start error: com.jfinal.plugin.activerecord.ActiveRecordPlugin. 
the parameter of #p or #para directive must be identifier
Template: "/sql/demo.sql". Line: 15
com.jfinal.template.stat.ParseException: the parameter of #p or #para directive must be identifier
Template: "/sql/demo.sql". Line: 15
	at com.jfinal.plugin.activerecord.sql.ParaDirective.setExprList(ParaDirective.java:57)
	at com.jfinal.template.stat.Parser.stat(Parser.java:210)
	at com.jfinal.template.stat.Parser.statList(Parser.java:100)
	at com.jfinal.template.stat.Parser.stat(Parser.java:213)
	at com.jfinal.template.stat.Parser.statList(Parser.java:100)
	at com.jfinal.template.stat.Parser.stat(Parser.java:213)
	at com.jfinal.template.stat.Parser.statList(Parser.java:100)
	at com.jfinal.template.stat.Parser.parse(Parser.java:90)
	at com.jfinal.template.Engine.buildTemplateByFileStringSource(Engine.java:151)
	at com.jfinal.template.Engine.getTemplate(Engine.java:133)
	at com.jfinal.plugin.activerecord.sql.SqlKit.parseTemplate(SqlKit.java:84)
	at com.jfinal.plugin.activerecord.ActiveRecordPlugin.start(ActiveRecordPlugin.java:207)
	at com.jfinal.core.Config.startPlugins(Config.java:107)
	at com.jfinal.core.Config.configJFinal(Config.java:53)
	at com.jfinal.core.JFinal.init(JFinal.java:63)
	at com.jfinal.core.JFinalFilter.init(JFinalFilter.java:49)
	at org.eclipse.jetty.servlet.FilterHolder.doStart(FilterHolder.java:119)
	at org.eclipse.jetty.util.component.AbstractLifeCycle.start(AbstractLifeCycle.java:64)
	at org.eclipse.jetty.servlet.ServletHandler.initialize(ServletHandler.java:724)
	at org.eclipse.jetty.servlet.ServletContextHandler.startContext(ServletContextHandler.java:265)
	at org.eclipse.jetty.webapp.WebAppContext.startContext(WebAppContext.java:1250)
	at org.eclipse.jetty.server.handler.ContextHandler.doStart(ContextHandler.java:706)
	at org.eclipse.jetty.webapp.WebAppContext.doStart(WebAppContext.java:492)
	at org.eclipse.jetty.util.component.AbstractLifeCycle.start(AbstractLifeCycle.java:64)
	at com.jfinal.server.JettyServer$1.onChange(JettyServer.java:117)
	at com.jfinal.server.Scanner.compare(Scanner.java:88)
	at com.jfinal.server.Scanner.working(Scanner.java:57)
	at com.jfinal.server.Scanner.access$000(Scanner.java:31)
	at com.jfinal.server.Scanner$1.run(Scanner.java:94)
	at java.util.TimerThread.mainLoop(Unknown Source)
	at java.util.TimerThread.run(Unknown Source)

2017-06-19 15:28:58
[ERROR]-[Thread: JFinal-Scanner]-[com.jfinal.kit.LogKit.error()]: Plugin start error: com.jfinal.plugin.activerecord.ActiveRecordPlugin. 
the parameter of #p or #para directive must be identifier
Template: "/sql/demo.sql". Line: 15
java.lang.RuntimeException: Plugin start error: com.jfinal.plugin.activerecord.ActiveRecordPlugin. 
the parameter of #p or #para directive must be identifier
Template: "/sql/demo.sql". Line: 15
	at com.jfinal.core.Config.startPlugins(Config.java:116)
	at com.jfinal.core.Config.configJFinal(Config.java:53)
	at com.jfinal.core.JFinal.init(JFinal.java:63)
	at com.jfinal.core.JFinalFilter.init(JFinalFilter.java:49)
	at org.eclipse.jetty.servlet.FilterHolder.doStart(FilterHolder.java:119)
	at org.eclipse.jetty.util.component.AbstractLifeCycle.start(AbstractLifeCycle.java:64)
	at org.eclipse.jetty.servlet.ServletHandler.initialize(ServletHandler.java:724)
	at org.eclipse.jetty.servlet.ServletContextHandler.startContext(ServletContextHandler.java:265)
	at org.eclipse.jetty.webapp.WebAppContext.startContext(WebAppContext.java:1250)
	at org.eclipse.jetty.server.handler.ContextHandler.doStart(ContextHandler.java:706)
	at org.eclipse.jetty.webapp.WebAppContext.doStart(WebAppContext.java:492)
	at org.eclipse.jetty.util.component.AbstractLifeCycle.start(AbstractLifeCycle.java:64)
	at com.jfinal.server.JettyServer$1.onChange(JettyServer.java:117)
	at com.jfinal.server.Scanner.compare(Scanner.java:88)
	at com.jfinal.server.Scanner.working(Scanner.java:57)
	at com.jfinal.server.Scanner.access$000(Scanner.java:31)
	at com.jfinal.server.Scanner$1.run(Scanner.java:94)
	at java.util.TimerThread.mainLoop(Unknown Source)
	at java.util.TimerThread.run(Unknown Source)
Caused by: com.jfinal.template.stat.ParseException: the parameter of #p or #para directive must be identifier
Template: "/sql/demo.sql". Line: 15
	at com.jfinal.plugin.activerecord.sql.ParaDirective.setExprList(ParaDirective.java:57)
	at com.jfinal.template.stat.Parser.stat(Parser.java:210)
	at com.jfinal.template.stat.Parser.statList(Parser.java:100)
	at com.jfinal.template.stat.Parser.stat(Parser.java:213)
	at com.jfinal.template.stat.Parser.statList(Parser.java:100)
	at com.jfinal.template.stat.Parser.stat(Parser.java:213)
	at com.jfinal.template.stat.Parser.statList(Parser.java:100)
	at com.jfinal.template.stat.Parser.parse(Parser.java:90)
	at com.jfinal.template.Engine.buildTemplateByFileStringSource(Engine.java:151)
	at com.jfinal.template.Engine.getTemplate(Engine.java:133)
	at com.jfinal.plugin.activerecord.sql.SqlKit.parseTemplate(SqlKit.java:84)
	at com.jfinal.plugin.activerecord.ActiveRecordPlugin.start(ActiveRecordPlugin.java:207)
	at com.jfinal.core.Config.startPlugins(Config.java:107)
	... 18 more

2017-06-19 15:29:13
[ERROR]-[Thread: JFinal-Scanner]-[com.jfinal.core.Config.startPlugins()]: Plugin start error: com.jfinal.plugin.activerecord.ActiveRecordPlugin. 
the parameter of #p or #para directive must be identifier
Template: "/sql/demo.sql". Line: 15
com.jfinal.template.stat.ParseException: the parameter of #p or #para directive must be identifier
Template: "/sql/demo.sql". Line: 15
	at com.jfinal.plugin.activerecord.sql.ParaDirective.setExprList(ParaDirective.java:57)
	at com.jfinal.template.stat.Parser.stat(Parser.java:210)
	at com.jfinal.template.stat.Parser.statList(Parser.java:100)
	at com.jfinal.template.stat.Parser.stat(Parser.java:213)
	at com.jfinal.template.stat.Parser.statList(Parser.java:100)
	at com.jfinal.template.stat.Parser.stat(Parser.java:213)
	at com.jfinal.template.stat.Parser.statList(Parser.java:100)
	at com.jfinal.template.stat.Parser.parse(Parser.java:90)
	at com.jfinal.template.Engine.buildTemplateByFileStringSource(Engine.java:151)
	at com.jfinal.template.Engine.getTemplate(Engine.java:133)
	at com.jfinal.plugin.activerecord.sql.SqlKit.parseTemplate(SqlKit.java:84)
	at com.jfinal.plugin.activerecord.ActiveRecordPlugin.start(ActiveRecordPlugin.java:207)
	at com.jfinal.core.Config.startPlugins(Config.java:107)
	at com.jfinal.core.Config.configJFinal(Config.java:53)
	at com.jfinal.core.JFinal.init(JFinal.java:63)
	at com.jfinal.core.JFinalFilter.init(JFinalFilter.java:49)
	at org.eclipse.jetty.servlet.FilterHolder.doStart(FilterHolder.java:119)
	at org.eclipse.jetty.util.component.AbstractLifeCycle.start(AbstractLifeCycle.java:64)
	at org.eclipse.jetty.servlet.ServletHandler.initialize(ServletHandler.java:724)
	at org.eclipse.jetty.servlet.ServletContextHandler.startContext(ServletContextHandler.java:265)
	at org.eclipse.jetty.webapp.WebAppContext.startContext(WebAppContext.java:1250)
	at org.eclipse.jetty.server.handler.ContextHandler.doStart(ContextHandler.java:706)
	at org.eclipse.jetty.webapp.WebAppContext.doStart(WebAppContext.java:492)
	at org.eclipse.jetty.util.component.AbstractLifeCycle.start(AbstractLifeCycle.java:64)
	at com.jfinal.server.JettyServer$1.onChange(JettyServer.java:117)
	at com.jfinal.server.Scanner.compare(Scanner.java:88)
	at com.jfinal.server.Scanner.working(Scanner.java:57)
	at com.jfinal.server.Scanner.access$000(Scanner.java:31)
	at com.jfinal.server.Scanner$1.run(Scanner.java:94)
	at java.util.TimerThread.mainLoop(Unknown Source)
	at java.util.TimerThread.run(Unknown Source)

2017-06-19 15:29:13
[ERROR]-[Thread: JFinal-Scanner]-[com.jfinal.kit.LogKit.error()]: Plugin start error: com.jfinal.plugin.activerecord.ActiveRecordPlugin. 
the parameter of #p or #para directive must be identifier
Template: "/sql/demo.sql". Line: 15
java.lang.RuntimeException: Plugin start error: com.jfinal.plugin.activerecord.ActiveRecordPlugin. 
the parameter of #p or #para directive must be identifier
Template: "/sql/demo.sql". Line: 15
	at com.jfinal.core.Config.startPlugins(Config.java:116)
	at com.jfinal.core.Config.configJFinal(Config.java:53)
	at com.jfinal.core.JFinal.init(JFinal.java:63)
	at com.jfinal.core.JFinalFilter.init(JFinalFilter.java:49)
	at org.eclipse.jetty.servlet.FilterHolder.doStart(FilterHolder.java:119)
	at org.eclipse.jetty.util.component.AbstractLifeCycle.start(AbstractLifeCycle.java:64)
	at org.eclipse.jetty.servlet.ServletHandler.initialize(ServletHandler.java:724)
	at org.eclipse.jetty.servlet.ServletContextHandler.startContext(ServletContextHandler.java:265)
	at org.eclipse.jetty.webapp.WebAppContext.startContext(WebAppContext.java:1250)
	at org.eclipse.jetty.server.handler.ContextHandler.doStart(ContextHandler.java:706)
	at org.eclipse.jetty.webapp.WebAppContext.doStart(WebAppContext.java:492)
	at org.eclipse.jetty.util.component.AbstractLifeCycle.start(AbstractLifeCycle.java:64)
	at com.jfinal.server.JettyServer$1.onChange(JettyServer.java:117)
	at com.jfinal.server.Scanner.compare(Scanner.java:88)
	at com.jfinal.server.Scanner.working(Scanner.java:57)
	at com.jfinal.server.Scanner.access$000(Scanner.java:31)
	at com.jfinal.server.Scanner$1.run(Scanner.java:94)
	at java.util.TimerThread.mainLoop(Unknown Source)
	at java.util.TimerThread.run(Unknown Source)
Caused by: com.jfinal.template.stat.ParseException: the parameter of #p or #para directive must be identifier
Template: "/sql/demo.sql". Line: 15
	at com.jfinal.plugin.activerecord.sql.ParaDirective.setExprList(ParaDirective.java:57)
	at com.jfinal.template.stat.Parser.stat(Parser.java:210)
	at com.jfinal.template.stat.Parser.statList(Parser.java:100)
	at com.jfinal.template.stat.Parser.stat(Parser.java:213)
	at com.jfinal.template.stat.Parser.statList(Parser.java:100)
	at com.jfinal.template.stat.Parser.stat(Parser.java:213)
	at com.jfinal.template.stat.Parser.statList(Parser.java:100)
	at com.jfinal.template.stat.Parser.parse(Parser.java:90)
	at com.jfinal.template.Engine.buildTemplateByFileStringSource(Engine.java:151)
	at com.jfinal.template.Engine.getTemplate(Engine.java:133)
	at com.jfinal.plugin.activerecord.sql.SqlKit.parseTemplate(SqlKit.java:84)
	at com.jfinal.plugin.activerecord.ActiveRecordPlugin.start(ActiveRecordPlugin.java:207)
	at com.jfinal.core.Config.startPlugins(Config.java:107)
	... 18 more

2017-06-19 15:29:43
[ERROR]-[Thread: JFinal-Scanner]-[com.jfinal.core.Config.startPlugins()]: Plugin start error: com.jfinal.plugin.activerecord.ActiveRecordPlugin. 
the parameter of #p or #para directive must be identifier
Template: "/sql/demo.sql". Line: 15
com.jfinal.template.stat.ParseException: the parameter of #p or #para directive must be identifier
Template: "/sql/demo.sql". Line: 15
	at com.jfinal.plugin.activerecord.sql.ParaDirective.setExprList(ParaDirective.java:57)
	at com.jfinal.template.stat.Parser.stat(Parser.java:210)
	at com.jfinal.template.stat.Parser.statList(Parser.java:100)
	at com.jfinal.template.stat.Parser.stat(Parser.java:213)
	at com.jfinal.template.stat.Parser.statList(Parser.java:100)
	at com.jfinal.template.stat.Parser.stat(Parser.java:213)
	at com.jfinal.template.stat.Parser.statList(Parser.java:100)
	at com.jfinal.template.stat.Parser.parse(Parser.java:90)
	at com.jfinal.template.Engine.buildTemplateByFileStringSource(Engine.java:151)
	at com.jfinal.template.Engine.getTemplate(Engine.java:133)
	at com.jfinal.plugin.activerecord.sql.SqlKit.parseTemplate(SqlKit.java:84)
	at com.jfinal.plugin.activerecord.ActiveRecordPlugin.start(ActiveRecordPlugin.java:207)
	at com.jfinal.core.Config.startPlugins(Config.java:107)
	at com.jfinal.core.Config.configJFinal(Config.java:53)
	at com.jfinal.core.JFinal.init(JFinal.java:63)
	at com.jfinal.core.JFinalFilter.init(JFinalFilter.java:49)
	at org.eclipse.jetty.servlet.FilterHolder.doStart(FilterHolder.java:119)
	at org.eclipse.jetty.util.component.AbstractLifeCycle.start(AbstractLifeCycle.java:64)
	at org.eclipse.jetty.servlet.ServletHandler.initialize(ServletHandler.java:724)
	at org.eclipse.jetty.servlet.ServletContextHandler.startContext(ServletContextHandler.java:265)
	at org.eclipse.jetty.webapp.WebAppContext.startContext(WebAppContext.java:1250)
	at org.eclipse.jetty.server.handler.ContextHandler.doStart(ContextHandler.java:706)
	at org.eclipse.jetty.webapp.WebAppContext.doStart(WebAppContext.java:492)
	at org.eclipse.jetty.util.component.AbstractLifeCycle.start(AbstractLifeCycle.java:64)
	at com.jfinal.server.JettyServer$1.onChange(JettyServer.java:117)
	at com.jfinal.server.Scanner.compare(Scanner.java:88)
	at com.jfinal.server.Scanner.working(Scanner.java:57)
	at com.jfinal.server.Scanner.access$000(Scanner.java:31)
	at com.jfinal.server.Scanner$1.run(Scanner.java:94)
	at java.util.TimerThread.mainLoop(Unknown Source)
	at java.util.TimerThread.run(Unknown Source)

2017-06-19 15:29:43
[ERROR]-[Thread: JFinal-Scanner]-[com.jfinal.kit.LogKit.error()]: Plugin start error: com.jfinal.plugin.activerecord.ActiveRecordPlugin. 
the parameter of #p or #para directive must be identifier
Template: "/sql/demo.sql". Line: 15
java.lang.RuntimeException: Plugin start error: com.jfinal.plugin.activerecord.ActiveRecordPlugin. 
the parameter of #p or #para directive must be identifier
Template: "/sql/demo.sql". Line: 15
	at com.jfinal.core.Config.startPlugins(Config.java:116)
	at com.jfinal.core.Config.configJFinal(Config.java:53)
	at com.jfinal.core.JFinal.init(JFinal.java:63)
	at com.jfinal.core.JFinalFilter.init(JFinalFilter.java:49)
	at org.eclipse.jetty.servlet.FilterHolder.doStart(FilterHolder.java:119)
	at org.eclipse.jetty.util.component.AbstractLifeCycle.start(AbstractLifeCycle.java:64)
	at org.eclipse.jetty.servlet.ServletHandler.initialize(ServletHandler.java:724)
	at org.eclipse.jetty.servlet.ServletContextHandler.startContext(ServletContextHandler.java:265)
	at org.eclipse.jetty.webapp.WebAppContext.startContext(WebAppContext.java:1250)
	at org.eclipse.jetty.server.handler.ContextHandler.doStart(ContextHandler.java:706)
	at org.eclipse.jetty.webapp.WebAppContext.doStart(WebAppContext.java:492)
	at org.eclipse.jetty.util.component.AbstractLifeCycle.start(AbstractLifeCycle.java:64)
	at com.jfinal.server.JettyServer$1.onChange(JettyServer.java:117)
	at com.jfinal.server.Scanner.compare(Scanner.java:88)
	at com.jfinal.server.Scanner.working(Scanner.java:57)
	at com.jfinal.server.Scanner.access$000(Scanner.java:31)
	at com.jfinal.server.Scanner$1.run(Scanner.java:94)
	at java.util.TimerThread.mainLoop(Unknown Source)
	at java.util.TimerThread.run(Unknown Source)
Caused by: com.jfinal.template.stat.ParseException: the parameter of #p or #para directive must be identifier
Template: "/sql/demo.sql". Line: 15
	at com.jfinal.plugin.activerecord.sql.ParaDirective.setExprList(ParaDirective.java:57)
	at com.jfinal.template.stat.Parser.stat(Parser.java:210)
	at com.jfinal.template.stat.Parser.statList(Parser.java:100)
	at com.jfinal.template.stat.Parser.stat(Parser.java:213)
	at com.jfinal.template.stat.Parser.statList(Parser.java:100)
	at com.jfinal.template.stat.Parser.stat(Parser.java:213)
	at com.jfinal.template.stat.Parser.statList(Parser.java:100)
	at com.jfinal.template.stat.Parser.parse(Parser.java:90)
	at com.jfinal.template.Engine.buildTemplateByFileStringSource(Engine.java:151)
	at com.jfinal.template.Engine.getTemplate(Engine.java:133)
	at com.jfinal.plugin.activerecord.sql.SqlKit.parseTemplate(SqlKit.java:84)
	at com.jfinal.plugin.activerecord.ActiveRecordPlugin.start(ActiveRecordPlugin.java:207)
	at com.jfinal.core.Config.startPlugins(Config.java:107)
	... 18 more

2017-06-27 15:56:30
[ERROR]-[Thread: qtp359023572-21]-[com.jfinal.core.ActionHandler.handle()]: /template_test
com.jfinal.render.RenderException: com.jfinal.template.stat.ParseException: The expression of output directive like #(expression) can not be blank
Template: "/front/template_test.html". Line: 8
	at com.jfinal.render.TemplateRender.render(TemplateRender.java:63)
	at com.jfinal.core.ActionHandler.handle(ActionHandler.java:99)
	at com.jfinal.core.JFinalFilter.doFilter(JFinalFilter.java:74)
	at org.eclipse.jetty.servlet.ServletHandler$CachedChain.doFilter(ServletHandler.java:1307)
	at org.eclipse.jetty.servlet.ServletHandler.doHandle(ServletHandler.java:453)
	at org.eclipse.jetty.server.handler.ScopedHandler.handle(ScopedHandler.java:137)
	at org.eclipse.jetty.security.SecurityHandler.handle(SecurityHandler.java:560)
	at org.eclipse.jetty.server.session.SessionHandler.doHandle(SessionHandler.java:231)
	at org.eclipse.jetty.server.handler.ContextHandler.doHandle(ContextHandler.java:1072)
	at org.eclipse.jetty.servlet.ServletHandler.doScope(ServletHandler.java:382)
	at org.eclipse.jetty.server.session.SessionHandler.doScope(SessionHandler.java:193)
	at org.eclipse.jetty.server.handler.ContextHandler.doScope(ContextHandler.java:1006)
	at org.eclipse.jetty.server.handler.ScopedHandler.handle(ScopedHandler.java:135)
	at org.eclipse.jetty.server.handler.HandlerWrapper.handle(HandlerWrapper.java:116)
	at org.eclipse.jetty.server.Server.handle(Server.java:365)
	at org.eclipse.jetty.server.AbstractHttpConnection.handleRequest(AbstractHttpConnection.java:485)
	at org.eclipse.jetty.server.AbstractHttpConnection.headerComplete(AbstractHttpConnection.java:926)
	at org.eclipse.jetty.server.AbstractHttpConnection$RequestHandler.headerComplete(AbstractHttpConnection.java:988)
	at org.eclipse.jetty.http.HttpParser.parseNext(HttpParser.java:635)
	at org.eclipse.jetty.http.HttpParser.parseAvailable(HttpParser.java:235)
	at org.eclipse.jetty.server.AsyncHttpConnection.handle(AsyncHttpConnection.java:82)
	at org.eclipse.jetty.io.nio.SelectChannelEndPoint.handle(SelectChannelEndPoint.java:628)
	at org.eclipse.jetty.io.nio.SelectChannelEndPoint$1.run(SelectChannelEndPoint.java:52)
	at org.eclipse.jetty.util.thread.QueuedThreadPool.runJob(QueuedThreadPool.java:608)
	at org.eclipse.jetty.util.thread.QueuedThreadPool$3.run(QueuedThreadPool.java:543)
	at java.lang.Thread.run(Unknown Source)
Caused by: com.jfinal.template.stat.ParseException: The expression of output directive like #(expression) can not be blank
Template: "/front/template_test.html". Line: 8
	at com.jfinal.template.stat.ast.Output.<init>(Output.java:40)
	at com.jfinal.template.OutputDirectiveFactory.getOutputDirective(OutputDirectiveFactory.java:31)
	at com.jfinal.template.EngineConfig.getOutputDirective(EngineConfig.java:186)
	at com.jfinal.template.stat.Parser.stat(Parser.java:124)
	at com.jfinal.template.stat.Parser.statList(Parser.java:100)
	at com.jfinal.template.stat.Parser.parse(Parser.java:90)
	at com.jfinal.template.Engine.buildTemplateByFileStringSource(Engine.java:151)
	at com.jfinal.template.Engine.getTemplate(Engine.java:133)
	at com.jfinal.render.TemplateRender.render(TemplateRender.java:61)
	... 25 more

2017-06-27 15:59:31
[ERROR]-[Thread: qtp359023572-19]-[com.jfinal.core.ActionHandler.handle()]: /template_test
com.jfinal.render.RenderException: com.jfinal.template.TemplateException: Can not accessed by "name" field from null target
Template: "/front/template_test.html". Line: 11
	at com.jfinal.render.TemplateRender.render(TemplateRender.java:63)
	at com.jfinal.core.ActionHandler.handle(ActionHandler.java:99)
	at com.jfinal.core.JFinalFilter.doFilter(JFinalFilter.java:74)
	at org.eclipse.jetty.servlet.ServletHandler$CachedChain.doFilter(ServletHandler.java:1307)
	at org.eclipse.jetty.servlet.ServletHandler.doHandle(ServletHandler.java:453)
	at org.eclipse.jetty.server.handler.ScopedHandler.handle(ScopedHandler.java:137)
	at org.eclipse.jetty.security.SecurityHandler.handle(SecurityHandler.java:560)
	at org.eclipse.jetty.server.session.SessionHandler.doHandle(SessionHandler.java:231)
	at org.eclipse.jetty.server.handler.ContextHandler.doHandle(ContextHandler.java:1072)
	at org.eclipse.jetty.servlet.ServletHandler.doScope(ServletHandler.java:382)
	at org.eclipse.jetty.server.session.SessionHandler.doScope(SessionHandler.java:193)
	at org.eclipse.jetty.server.handler.ContextHandler.doScope(ContextHandler.java:1006)
	at org.eclipse.jetty.server.handler.ScopedHandler.handle(ScopedHandler.java:135)
	at org.eclipse.jetty.server.handler.HandlerWrapper.handle(HandlerWrapper.java:116)
	at org.eclipse.jetty.server.Server.handle(Server.java:365)
	at org.eclipse.jetty.server.AbstractHttpConnection.handleRequest(AbstractHttpConnection.java:485)
	at org.eclipse.jetty.server.AbstractHttpConnection.headerComplete(AbstractHttpConnection.java:926)
	at org.eclipse.jetty.server.AbstractHttpConnection$RequestHandler.headerComplete(AbstractHttpConnection.java:988)
	at org.eclipse.jetty.http.HttpParser.parseNext(HttpParser.java:635)
	at org.eclipse.jetty.http.HttpParser.parseAvailable(HttpParser.java:235)
	at org.eclipse.jetty.server.AsyncHttpConnection.handle(AsyncHttpConnection.java:82)
	at org.eclipse.jetty.io.nio.SelectChannelEndPoint.handle(SelectChannelEndPoint.java:628)
	at org.eclipse.jetty.io.nio.SelectChannelEndPoint$1.run(SelectChannelEndPoint.java:52)
	at org.eclipse.jetty.util.thread.QueuedThreadPool.runJob(QueuedThreadPool.java:608)
	at org.eclipse.jetty.util.thread.QueuedThreadPool$3.run(QueuedThreadPool.java:543)
	at java.lang.Thread.run(Unknown Source)
Caused by: com.jfinal.template.TemplateException: Can not accessed by "name" field from null target
Template: "/front/template_test.html". Line: 11
	at com.jfinal.template.expr.ast.Field.eval(Field.java:59)
	at com.jfinal.template.expr.ast.ExprList.eval(ExprList.java:59)
	at com.jfinal.template.stat.ast.Output.exec(Output.java:46)
	at com.jfinal.template.stat.ast.StatList.exec(StatList.java:47)
	at com.jfinal.template.Template.render(Template.java:49)
	at com.jfinal.render.TemplateRender.render(TemplateRender.java:61)
	... 25 more

2017-06-27 16:15:19
[ERROR]-[Thread: qtp359023572-21]-[com.jfinal.core.ActionHandler.handle()]: /template_test
com.jfinal.render.RenderException: com.jfinal.template.TemplateException: In the class com.jfinal.template.stat.ast.ForEntry can not find getName() method, also can not find "name" field
Template: "/front/template_test.html". Line: 37
	at com.jfinal.render.TemplateRender.render(TemplateRender.java:63)
	at com.jfinal.core.ActionHandler.handle(ActionHandler.java:99)
	at com.jfinal.core.JFinalFilter.doFilter(JFinalFilter.java:74)
	at org.eclipse.jetty.servlet.ServletHandler$CachedChain.doFilter(ServletHandler.java:1307)
	at org.eclipse.jetty.servlet.ServletHandler.doHandle(ServletHandler.java:453)
	at org.eclipse.jetty.server.handler.ScopedHandler.handle(ScopedHandler.java:137)
	at org.eclipse.jetty.security.SecurityHandler.handle(SecurityHandler.java:560)
	at org.eclipse.jetty.server.session.SessionHandler.doHandle(SessionHandler.java:231)
	at org.eclipse.jetty.server.handler.ContextHandler.doHandle(ContextHandler.java:1072)
	at org.eclipse.jetty.servlet.ServletHandler.doScope(ServletHandler.java:382)
	at org.eclipse.jetty.server.session.SessionHandler.doScope(SessionHandler.java:193)
	at org.eclipse.jetty.server.handler.ContextHandler.doScope(ContextHandler.java:1006)
	at org.eclipse.jetty.server.handler.ScopedHandler.handle(ScopedHandler.java:135)
	at org.eclipse.jetty.server.handler.HandlerWrapper.handle(HandlerWrapper.java:116)
	at org.eclipse.jetty.server.Server.handle(Server.java:365)
	at org.eclipse.jetty.server.AbstractHttpConnection.handleRequest(AbstractHttpConnection.java:485)
	at org.eclipse.jetty.server.AbstractHttpConnection.headerComplete(AbstractHttpConnection.java:926)
	at org.eclipse.jetty.server.AbstractHttpConnection$RequestHandler.headerComplete(AbstractHttpConnection.java:988)
	at org.eclipse.jetty.http.HttpParser.parseNext(HttpParser.java:635)
	at org.eclipse.jetty.http.HttpParser.parseAvailable(HttpParser.java:235)
	at org.eclipse.jetty.server.AsyncHttpConnection.handle(AsyncHttpConnection.java:82)
	at org.eclipse.jetty.io.nio.SelectChannelEndPoint.handle(SelectChannelEndPoint.java:628)
	at org.eclipse.jetty.io.nio.SelectChannelEndPoint$1.run(SelectChannelEndPoint.java:52)
	at org.eclipse.jetty.util.thread.QueuedThreadPool.runJob(QueuedThreadPool.java:608)
	at org.eclipse.jetty.util.thread.QueuedThreadPool$3.run(QueuedThreadPool.java:543)
	at java.lang.Thread.run(Unknown Source)
Caused by: com.jfinal.template.TemplateException: In the class com.jfinal.template.stat.ast.ForEntry can not find getName() method, also can not find "name" field
Template: "/front/template_test.html". Line: 37
	at com.jfinal.template.expr.ast.Field.eval(Field.java:98)
	at com.jfinal.template.expr.ast.ExprList.eval(ExprList.java:59)
	at com.jfinal.template.stat.ast.Output.exec(Output.java:46)
	at com.jfinal.template.stat.ast.StatList.exec(StatList.java:47)
	at com.jfinal.template.stat.ast.For.forIterator(For.java:74)
	at com.jfinal.template.stat.ast.For.exec(For.java:53)
	at com.jfinal.template.stat.ast.StatList.exec(StatList.java:47)
	at com.jfinal.template.Template.render(Template.java:49)
	at com.jfinal.render.TemplateRender.render(TemplateRender.java:61)
	... 25 more

2017-06-27 16:17:08
[ERROR]-[Thread: qtp359023572-19]-[com.jfinal.core.ActionHandler.handle()]: /template_test
com.jfinal.render.RenderException: com.jfinal.template.stat.ParseException: #if directive requires parentheses "()"
Template: "/front/template_test.html". Line: 37
	at com.jfinal.render.TemplateRender.render(TemplateRender.java:63)
	at com.jfinal.core.ActionHandler.handle(ActionHandler.java:99)
	at com.jfinal.core.JFinalFilter.doFilter(JFinalFilter.java:74)
	at org.eclipse.jetty.servlet.ServletHandler$CachedChain.doFilter(ServletHandler.java:1307)
	at org.eclipse.jetty.servlet.ServletHandler.doHandle(ServletHandler.java:453)
	at org.eclipse.jetty.server.handler.ScopedHandler.handle(ScopedHandler.java:137)
	at org.eclipse.jetty.security.SecurityHandler.handle(SecurityHandler.java:560)
	at org.eclipse.jetty.server.session.SessionHandler.doHandle(SessionHandler.java:231)
	at org.eclipse.jetty.server.handler.ContextHandler.doHandle(ContextHandler.java:1072)
	at org.eclipse.jetty.servlet.ServletHandler.doScope(ServletHandler.java:382)
	at org.eclipse.jetty.server.session.SessionHandler.doScope(SessionHandler.java:193)
	at org.eclipse.jetty.server.handler.ContextHandler.doScope(ContextHandler.java:1006)
	at org.eclipse.jetty.server.handler.ScopedHandler.handle(ScopedHandler.java:135)
	at org.eclipse.jetty.server.handler.HandlerWrapper.handle(HandlerWrapper.java:116)
	at org.eclipse.jetty.server.Server.handle(Server.java:365)
	at org.eclipse.jetty.server.AbstractHttpConnection.handleRequest(AbstractHttpConnection.java:485)
	at org.eclipse.jetty.server.AbstractHttpConnection.headerComplete(AbstractHttpConnection.java:926)
	at org.eclipse.jetty.server.AbstractHttpConnection$RequestHandler.headerComplete(AbstractHttpConnection.java:988)
	at org.eclipse.jetty.http.HttpParser.parseNext(HttpParser.java:635)
	at org.eclipse.jetty.http.HttpParser.parseAvailable(HttpParser.java:235)
	at org.eclipse.jetty.server.AsyncHttpConnection.handle(AsyncHttpConnection.java:82)
	at org.eclipse.jetty.io.nio.SelectChannelEndPoint.handle(SelectChannelEndPoint.java:628)
	at org.eclipse.jetty.io.nio.SelectChannelEndPoint$1.run(SelectChannelEndPoint.java:52)
	at org.eclipse.jetty.util.thread.QueuedThreadPool.runJob(QueuedThreadPool.java:608)
	at org.eclipse.jetty.util.thread.QueuedThreadPool$3.run(QueuedThreadPool.java:543)
	at java.lang.Thread.run(Unknown Source)
Caused by: com.jfinal.template.stat.ParseException: #if directive requires parentheses "()"
Template: "/front/template_test.html". Line: 37
	at com.jfinal.template.stat.Lexer.scanDire(Lexer.java:159)
	at com.jfinal.template.stat.Lexer.scan(Lexer.java:62)
	at com.jfinal.template.stat.Parser.parse(Parser.java:88)
	at com.jfinal.template.Engine.buildTemplateByFileStringSource(Engine.java:151)
	at com.jfinal.template.Engine.getTemplate(Engine.java:137)
	at com.jfinal.render.TemplateRender.render(TemplateRender.java:61)
	... 25 more

2017-06-27 16:50:41
[ERROR]-[Thread: qtp359023572-24]-[com.jfinal.core.ActionHandler.handle()]: /template_test
com.jfinal.render.RenderException: com.jfinal.template.stat.ParseException: Expression error: can not match the symbol "::"
Template: "/front/template_test.html". Line: 60
	at com.jfinal.render.TemplateRender.render(TemplateRender.java:63)
	at com.jfinal.core.ActionHandler.handle(ActionHandler.java:99)
	at com.jfinal.core.JFinalFilter.doFilter(JFinalFilter.java:74)
	at org.eclipse.jetty.servlet.ServletHandler$CachedChain.doFilter(ServletHandler.java:1307)
	at org.eclipse.jetty.servlet.ServletHandler.doHandle(ServletHandler.java:453)
	at org.eclipse.jetty.server.handler.ScopedHandler.handle(ScopedHandler.java:137)
	at org.eclipse.jetty.security.SecurityHandler.handle(SecurityHandler.java:560)
	at org.eclipse.jetty.server.session.SessionHandler.doHandle(SessionHandler.java:231)
	at org.eclipse.jetty.server.handler.ContextHandler.doHandle(ContextHandler.java:1072)
	at org.eclipse.jetty.servlet.ServletHandler.doScope(ServletHandler.java:382)
	at org.eclipse.jetty.server.session.SessionHandler.doScope(SessionHandler.java:193)
	at org.eclipse.jetty.server.handler.ContextHandler.doScope(ContextHandler.java:1006)
	at org.eclipse.jetty.server.handler.ScopedHandler.handle(ScopedHandler.java:135)
	at org.eclipse.jetty.server.handler.HandlerWrapper.handle(HandlerWrapper.java:116)
	at org.eclipse.jetty.server.Server.handle(Server.java:365)
	at org.eclipse.jetty.server.AbstractHttpConnection.handleRequest(AbstractHttpConnection.java:485)
	at org.eclipse.jetty.server.AbstractHttpConnection.headerComplete(AbstractHttpConnection.java:926)
	at org.eclipse.jetty.server.AbstractHttpConnection$RequestHandler.headerComplete(AbstractHttpConnection.java:988)
	at org.eclipse.jetty.http.HttpParser.parseNext(HttpParser.java:635)
	at org.eclipse.jetty.http.HttpParser.parseAvailable(HttpParser.java:235)
	at org.eclipse.jetty.server.AsyncHttpConnection.handle(AsyncHttpConnection.java:82)
	at org.eclipse.jetty.io.nio.SelectChannelEndPoint.handle(SelectChannelEndPoint.java:628)
	at org.eclipse.jetty.io.nio.SelectChannelEndPoint$1.run(SelectChannelEndPoint.java:52)
	at org.eclipse.jetty.util.thread.QueuedThreadPool.runJob(QueuedThreadPool.java:608)
	at org.eclipse.jetty.util.thread.QueuedThreadPool$3.run(QueuedThreadPool.java:543)
	at java.lang.Thread.run(Unknown Source)
Caused by: com.jfinal.template.stat.ParseException: Expression error: can not match the symbol "::"
Template: "/front/template_test.html". Line: 60
	at com.jfinal.template.expr.ExprParser.atom(ExprParser.java:554)
	at com.jfinal.template.expr.ExprParser.array(ExprParser.java:493)
	at com.jfinal.template.expr.ExprParser.map(ExprParser.java:448)
	at com.jfinal.template.expr.ExprParser.indexMethodField(ExprParser.java:399)
	at com.jfinal.template.expr.ExprParser.sharedMethod(ExprParser.java:372)
	at com.jfinal.template.expr.ExprParser.staticMember(ExprParser.java:324)
	at com.jfinal.template.expr.ExprParser.incDec(ExprParser.java:307)
	at com.jfinal.template.expr.ExprParser.unary(ExprParser.java:299)
	at com.jfinal.template.expr.ExprParser.nullSafe(ExprParser.java:273)
	at com.jfinal.template.expr.ExprParser.mulDivMod(ExprParser.java:261)
	at com.jfinal.template.expr.ExprParser.addSub(ExprParser.java:249)
	at com.jfinal.template.expr.ExprParser.greaterLess(ExprParser.java:236)
	at com.jfinal.template.expr.ExprParser.equalNotEqual(ExprParser.java:223)
	at com.jfinal.template.expr.ExprParser.and(ExprParser.java:211)
	at com.jfinal.template.expr.ExprParser.or(ExprParser.java:199)
	at com.jfinal.template.expr.ExprParser.ternary(ExprParser.java:185)
	at com.jfinal.template.expr.ExprParser.assign(ExprParser.java:156)
	at com.jfinal.template.expr.ExprParser.expr(ExprParser.java:147)
	at com.jfinal.template.expr.ExprParser.exprList(ExprParser.java:130)
	at com.jfinal.template.expr.ExprParser.parse(ExprParser.java:117)
	at com.jfinal.template.expr.ExprParser.parseExprList(ExprParser.java:98)
	at com.jfinal.template.stat.Parser.parseExprList(Parser.java:242)
	at com.jfinal.template.stat.Parser.stat(Parser.java:124)
	at com.jfinal.template.stat.Parser.statList(Parser.java:100)
	at com.jfinal.template.stat.Parser.parse(Parser.java:90)
	at com.jfinal.template.Engine.buildTemplateByFileStringSource(Engine.java:151)
	at com.jfinal.template.Engine.getTemplate(Engine.java:137)
	at com.jfinal.render.TemplateRender.render(TemplateRender.java:61)
	... 25 more

2017-06-27 17:13:06
[ERROR]-[Thread: JFinal-Scanner]-[com.jfinal.kit.LogKit.error()]: The parameter of sharedMethodFromObject can not be Class type, using the addSharedStaticMethod(...) to share static method
java.lang.IllegalArgumentException: The parameter of sharedMethodFromObject can not be Class type, using the addSharedStaticMethod(...) to share static method
	at com.jfinal.template.expr.ast.SharedMethodKit.addSharedMethod(SharedMethodKit.java:78)
	at com.jfinal.template.EngineConfig.addSharedMethod(EngineConfig.java:268)
	at com.jfinal.template.Engine.addSharedMethod(Engine.java:258)
	at com.bdsht.study01.common.MyConfig.configEngine(MyConfig.java:44)
	at com.jfinal.core.Config.configJFinal(Config.java:52)
	at com.jfinal.core.JFinal.init(JFinal.java:63)
	at com.jfinal.core.JFinalFilter.init(JFinalFilter.java:49)
	at org.eclipse.jetty.servlet.FilterHolder.doStart(FilterHolder.java:119)
	at org.eclipse.jetty.util.component.AbstractLifeCycle.start(AbstractLifeCycle.java:64)
	at org.eclipse.jetty.servlet.ServletHandler.initialize(ServletHandler.java:724)
	at org.eclipse.jetty.servlet.ServletContextHandler.startContext(ServletContextHandler.java:265)
	at org.eclipse.jetty.webapp.WebAppContext.startContext(WebAppContext.java:1250)
	at org.eclipse.jetty.server.handler.ContextHandler.doStart(ContextHandler.java:706)
	at org.eclipse.jetty.webapp.WebAppContext.doStart(WebAppContext.java:492)
	at org.eclipse.jetty.util.component.AbstractLifeCycle.start(AbstractLifeCycle.java:64)
	at com.jfinal.server.JettyServer$1.onChange(JettyServer.java:117)
	at com.jfinal.server.Scanner.compare(Scanner.java:88)
	at com.jfinal.server.Scanner.working(Scanner.java:57)
	at com.jfinal.server.Scanner.access$000(Scanner.java:31)
	at com.jfinal.server.Scanner$1.run(Scanner.java:94)
	at java.util.TimerThread.mainLoop(Unknown Source)
	at java.util.TimerThread.run(Unknown Source)

2017-06-27 17:13:57
[ERROR]-[Thread: JFinal-Scanner]-[com.jfinal.kit.LogKit.error()]: The parameter of sharedMethodFromObject can not be Class type, using the addSharedStaticMethod(...) to share static method
java.lang.IllegalArgumentException: The parameter of sharedMethodFromObject can not be Class type, using the addSharedStaticMethod(...) to share static method
	at com.jfinal.template.expr.ast.SharedMethodKit.addSharedMethod(SharedMethodKit.java:78)
	at com.jfinal.template.EngineConfig.addSharedMethod(EngineConfig.java:268)
	at com.jfinal.template.Engine.addSharedMethod(Engine.java:258)
	at com.bdsht.study01.common.MyConfig.configEngine(MyConfig.java:44)
	at com.jfinal.core.Config.configJFinal(Config.java:52)
	at com.jfinal.core.JFinal.init(JFinal.java:63)
	at com.jfinal.core.JFinalFilter.init(JFinalFilter.java:49)
	at org.eclipse.jetty.servlet.FilterHolder.doStart(FilterHolder.java:119)
	at org.eclipse.jetty.util.component.AbstractLifeCycle.start(AbstractLifeCycle.java:64)
	at org.eclipse.jetty.servlet.ServletHandler.initialize(ServletHandler.java:724)
	at org.eclipse.jetty.servlet.ServletContextHandler.startContext(ServletContextHandler.java:265)
	at org.eclipse.jetty.webapp.WebAppContext.startContext(WebAppContext.java:1250)
	at org.eclipse.jetty.server.handler.ContextHandler.doStart(ContextHandler.java:706)
	at org.eclipse.jetty.webapp.WebAppContext.doStart(WebAppContext.java:492)
	at org.eclipse.jetty.util.component.AbstractLifeCycle.start(AbstractLifeCycle.java:64)
	at com.jfinal.server.JettyServer$1.onChange(JettyServer.java:117)
	at com.jfinal.server.Scanner.compare(Scanner.java:88)
	at com.jfinal.server.Scanner.working(Scanner.java:57)
	at com.jfinal.server.Scanner.access$000(Scanner.java:31)
	at com.jfinal.server.Scanner$1.run(Scanner.java:94)
	at java.util.TimerThread.mainLoop(Unknown Source)
	at java.util.TimerThread.run(Unknown Source)

2017-06-27 17:14:09
[ERROR]-[Thread: main]-[com.jfinal.kit.LogKit.error()]: port: 8080 already in use!
java.lang.IllegalStateException: port: 8080 already in use!
	at com.jfinal.server.JettyServer.doStart(JettyServer.java:87)
	at com.jfinal.server.JettyServer.start(JettyServer.java:70)
	at com.jfinal.core.JFinal.start(JFinal.java:159)
	at com.bdsht.study01.common.MyConfig.main(MyConfig.java:74)

2017-06-27 17:14:19
[ERROR]-[Thread: main]-[com.jfinal.kit.LogKit.error()]: The parameter of sharedMethodFromObject can not be Class type, using the addSharedStaticMethod(...) to share static method
java.lang.IllegalArgumentException: The parameter of sharedMethodFromObject can not be Class type, using the addSharedStaticMethod(...) to share static method
	at com.jfinal.template.expr.ast.SharedMethodKit.addSharedMethod(SharedMethodKit.java:78)
	at com.jfinal.template.EngineConfig.addSharedMethod(EngineConfig.java:268)
	at com.jfinal.template.Engine.addSharedMethod(Engine.java:258)
	at com.bdsht.study01.common.MyConfig.configEngine(MyConfig.java:44)
	at com.jfinal.core.Config.configJFinal(Config.java:52)
	at com.jfinal.core.JFinal.init(JFinal.java:63)
	at com.jfinal.core.JFinalFilter.init(JFinalFilter.java:49)
	at org.eclipse.jetty.servlet.FilterHolder.doStart(FilterHolder.java:119)
	at org.eclipse.jetty.util.component.AbstractLifeCycle.start(AbstractLifeCycle.java:64)
	at org.eclipse.jetty.servlet.ServletHandler.initialize(ServletHandler.java:724)
	at org.eclipse.jetty.servlet.ServletContextHandler.startContext(ServletContextHandler.java:265)
	at org.eclipse.jetty.webapp.WebAppContext.startContext(WebAppContext.java:1250)
	at org.eclipse.jetty.server.handler.ContextHandler.doStart(ContextHandler.java:706)
	at org.eclipse.jetty.webapp.WebAppContext.doStart(WebAppContext.java:492)
	at org.eclipse.jetty.util.component.AbstractLifeCycle.start(AbstractLifeCycle.java:64)
	at org.eclipse.jetty.server.handler.HandlerWrapper.doStart(HandlerWrapper.java:95)
	at org.eclipse.jetty.server.Server.doStart(Server.java:277)
	at org.eclipse.jetty.util.component.AbstractLifeCycle.start(AbstractLifeCycle.java:64)
	at com.jfinal.server.JettyServer.doStart(JettyServer.java:131)
	at com.jfinal.server.JettyServer.start(JettyServer.java:70)
	at com.jfinal.core.JFinal.start(JFinal.java:159)
	at com.bdsht.study01.common.MyConfig.main(MyConfig.java:74)

2017-06-27 17:14:22
[ERROR]-[Thread: JFinal-Scanner]-[com.jfinal.kit.LogKit.error()]: The parameter of sharedMethodFromObject can not be Class type, using the addSharedStaticMethod(...) to share static method
java.lang.IllegalArgumentException: The parameter of sharedMethodFromObject can not be Class type, using the addSharedStaticMethod(...) to share static method
	at com.jfinal.template.expr.ast.SharedMethodKit.addSharedMethod(SharedMethodKit.java:78)
	at com.jfinal.template.EngineConfig.addSharedMethod(EngineConfig.java:268)
	at com.jfinal.template.Engine.addSharedMethod(Engine.java:258)
	at com.bdsht.study01.common.MyConfig.configEngine(MyConfig.java:44)
	at com.jfinal.core.Config.configJFinal(Config.java:52)
	at com.jfinal.core.JFinal.init(JFinal.java:63)
	at com.jfinal.core.JFinalFilter.init(JFinalFilter.java:49)
	at org.eclipse.jetty.servlet.FilterHolder.doStart(FilterHolder.java:119)
	at org.eclipse.jetty.util.component.AbstractLifeCycle.start(AbstractLifeCycle.java:64)
	at org.eclipse.jetty.servlet.ServletHandler.initialize(ServletHandler.java:724)
	at org.eclipse.jetty.servlet.ServletContextHandler.startContext(ServletContextHandler.java:265)
	at org.eclipse.jetty.webapp.WebAppContext.startContext(WebAppContext.java:1250)
	at org.eclipse.jetty.server.handler.ContextHandler.doStart(ContextHandler.java:706)
	at org.eclipse.jetty.webapp.WebAppContext.doStart(WebAppContext.java:492)
	at org.eclipse.jetty.util.component.AbstractLifeCycle.start(AbstractLifeCycle.java:64)
	at com.jfinal.server.JettyServer$1.onChange(JettyServer.java:117)
	at com.jfinal.server.Scanner.compare(Scanner.java:88)
	at com.jfinal.server.Scanner.working(Scanner.java:57)
	at com.jfinal.server.Scanner.access$000(Scanner.java:31)
	at com.jfinal.server.Scanner$1.run(Scanner.java:94)
	at java.util.TimerThread.mainLoop(Unknown Source)
	at java.util.TimerThread.run(Unknown Source)

2017-06-27 17:15:02
[ERROR]-[Thread: qtp359023572-21]-[com.jfinal.core.ActionHandler.handle()]: /template_test
com.jfinal.render.RenderException: com.jfinal.template.TemplateException: Shared method not found: test
Template: "/front/template_test.html". Line: 69
	at com.jfinal.render.TemplateRender.render(TemplateRender.java:63)
	at com.jfinal.core.ActionHandler.handle(ActionHandler.java:99)
	at com.jfinal.core.JFinalFilter.doFilter(JFinalFilter.java:74)
	at org.eclipse.jetty.servlet.ServletHandler$CachedChain.doFilter(ServletHandler.java:1307)
	at org.eclipse.jetty.servlet.ServletHandler.doHandle(ServletHandler.java:453)
	at org.eclipse.jetty.server.handler.ScopedHandler.handle(ScopedHandler.java:137)
	at org.eclipse.jetty.security.SecurityHandler.handle(SecurityHandler.java:560)
	at org.eclipse.jetty.server.session.SessionHandler.doHandle(SessionHandler.java:231)
	at org.eclipse.jetty.server.handler.ContextHandler.doHandle(ContextHandler.java:1072)
	at org.eclipse.jetty.servlet.ServletHandler.doScope(ServletHandler.java:382)
	at org.eclipse.jetty.server.session.SessionHandler.doScope(SessionHandler.java:193)
	at org.eclipse.jetty.server.handler.ContextHandler.doScope(ContextHandler.java:1006)
	at org.eclipse.jetty.server.handler.ScopedHandler.handle(ScopedHandler.java:135)
	at org.eclipse.jetty.server.handler.HandlerWrapper.handle(HandlerWrapper.java:116)
	at org.eclipse.jetty.server.Server.handle(Server.java:365)
	at org.eclipse.jetty.server.AbstractHttpConnection.handleRequest(AbstractHttpConnection.java:485)
	at org.eclipse.jetty.server.AbstractHttpConnection.headerComplete(AbstractHttpConnection.java:926)
	at org.eclipse.jetty.server.AbstractHttpConnection$RequestHandler.headerComplete(AbstractHttpConnection.java:988)
	at org.eclipse.jetty.http.HttpParser.parseNext(HttpParser.java:635)
	at org.eclipse.jetty.http.HttpParser.parseAvailable(HttpParser.java:235)
	at org.eclipse.jetty.server.AsyncHttpConnection.handle(AsyncHttpConnection.java:82)
	at org.eclipse.jetty.io.nio.SelectChannelEndPoint.handle(SelectChannelEndPoint.java:628)
	at org.eclipse.jetty.io.nio.SelectChannelEndPoint$1.run(SelectChannelEndPoint.java:52)
	at org.eclipse.jetty.util.thread.QueuedThreadPool.runJob(QueuedThreadPool.java:608)
	at org.eclipse.jetty.util.thread.QueuedThreadPool$3.run(QueuedThreadPool.java:543)
	at java.lang.Thread.run(Unknown Source)
Caused by: com.jfinal.template.TemplateException: Shared method not found: test
Template: "/front/template_test.html". Line: 69
	at com.jfinal.template.expr.ast.SharedMethod.eval(SharedMethod.java:55)
	at com.jfinal.template.expr.ast.ExprList.eval(ExprList.java:59)
	at com.jfinal.template.stat.ast.Output.exec(Output.java:46)
	at com.jfinal.template.stat.ast.StatList.exec(StatList.java:47)
	at com.jfinal.template.Template.render(Template.java:49)
	at com.jfinal.render.TemplateRender.render(TemplateRender.java:61)
	... 25 more

2017-06-27 17:15:25
[ERROR]-[Thread: JFinal-Scanner]-[com.jfinal.kit.LogKit.error()]: The parameter of sharedMethodFromObject can not be Class type, using the addSharedStaticMethod(...) to share static method
java.lang.IllegalArgumentException: The parameter of sharedMethodFromObject can not be Class type, using the addSharedStaticMethod(...) to share static method
	at com.jfinal.template.expr.ast.SharedMethodKit.addSharedMethod(SharedMethodKit.java:78)
	at com.jfinal.template.EngineConfig.addSharedMethod(EngineConfig.java:268)
	at com.jfinal.template.Engine.addSharedMethod(Engine.java:258)
	at com.bdsht.study01.common.MyConfig.configEngine(MyConfig.java:44)
	at com.jfinal.core.Config.configJFinal(Config.java:52)
	at com.jfinal.core.JFinal.init(JFinal.java:63)
	at com.jfinal.core.JFinalFilter.init(JFinalFilter.java:49)
	at org.eclipse.jetty.servlet.FilterHolder.doStart(FilterHolder.java:119)
	at org.eclipse.jetty.util.component.AbstractLifeCycle.start(AbstractLifeCycle.java:64)
	at org.eclipse.jetty.servlet.ServletHandler.initialize(ServletHandler.java:724)
	at org.eclipse.jetty.servlet.ServletContextHandler.startContext(ServletContextHandler.java:265)
	at org.eclipse.jetty.webapp.WebAppContext.startContext(WebAppContext.java:1250)
	at org.eclipse.jetty.server.handler.ContextHandler.doStart(ContextHandler.java:706)
	at org.eclipse.jetty.webapp.WebAppContext.doStart(WebAppContext.java:492)
	at org.eclipse.jetty.util.component.AbstractLifeCycle.start(AbstractLifeCycle.java:64)
	at com.jfinal.server.JettyServer$1.onChange(JettyServer.java:117)
	at com.jfinal.server.Scanner.compare(Scanner.java:88)
	at com.jfinal.server.Scanner.working(Scanner.java:57)
	at com.jfinal.server.Scanner.access$000(Scanner.java:31)
	at com.jfinal.server.Scanner$1.run(Scanner.java:94)
	at java.util.TimerThread.mainLoop(Unknown Source)
	at java.util.TimerThread.run(Unknown Source)

2017-06-27 17:17:33
[ERROR]-[Thread: qtp359023572-20]-[com.jfinal.core.ActionHandler.handle()]: /template_test
com.jfinal.render.RenderException: com.jfinal.template.TemplateException: Shared method not found: test
Template: "/front/template_test.html". Line: 69
	at com.jfinal.render.TemplateRender.render(TemplateRender.java:63)
	at com.jfinal.core.ActionHandler.handle(ActionHandler.java:99)
	at com.jfinal.core.JFinalFilter.doFilter(JFinalFilter.java:74)
	at org.eclipse.jetty.servlet.ServletHandler$CachedChain.doFilter(ServletHandler.java:1307)
	at org.eclipse.jetty.servlet.ServletHandler.doHandle(ServletHandler.java:453)
	at org.eclipse.jetty.server.handler.ScopedHandler.handle(ScopedHandler.java:137)
	at org.eclipse.jetty.security.SecurityHandler.handle(SecurityHandler.java:560)
	at org.eclipse.jetty.server.session.SessionHandler.doHandle(SessionHandler.java:231)
	at org.eclipse.jetty.server.handler.ContextHandler.doHandle(ContextHandler.java:1072)
	at org.eclipse.jetty.servlet.ServletHandler.doScope(ServletHandler.java:382)
	at org.eclipse.jetty.server.session.SessionHandler.doScope(SessionHandler.java:193)
	at org.eclipse.jetty.server.handler.ContextHandler.doScope(ContextHandler.java:1006)
	at org.eclipse.jetty.server.handler.ScopedHandler.handle(ScopedHandler.java:135)
	at org.eclipse.jetty.server.handler.HandlerWrapper.handle(HandlerWrapper.java:116)
	at org.eclipse.jetty.server.Server.handle(Server.java:365)
	at org.eclipse.jetty.server.AbstractHttpConnection.handleRequest(AbstractHttpConnection.java:485)
	at org.eclipse.jetty.server.AbstractHttpConnection.headerComplete(AbstractHttpConnection.java:926)
	at org.eclipse.jetty.server.AbstractHttpConnection$RequestHandler.headerComplete(AbstractHttpConnection.java:988)
	at org.eclipse.jetty.http.HttpParser.parseNext(HttpParser.java:635)
	at org.eclipse.jetty.http.HttpParser.parseAvailable(HttpParser.java:235)
	at org.eclipse.jetty.server.AsyncHttpConnection.handle(AsyncHttpConnection.java:82)
	at org.eclipse.jetty.io.nio.SelectChannelEndPoint.handle(SelectChannelEndPoint.java:628)
	at org.eclipse.jetty.io.nio.SelectChannelEndPoint$1.run(SelectChannelEndPoint.java:52)
	at org.eclipse.jetty.util.thread.QueuedThreadPool.runJob(QueuedThreadPool.java:608)
	at org.eclipse.jetty.util.thread.QueuedThreadPool$3.run(QueuedThreadPool.java:543)
	at java.lang.Thread.run(Unknown Source)
Caused by: com.jfinal.template.TemplateException: Shared method not found: test
Template: "/front/template_test.html". Line: 69
	at com.jfinal.template.expr.ast.SharedMethod.eval(SharedMethod.java:55)
	at com.jfinal.template.expr.ast.ExprList.eval(ExprList.java:59)
	at com.jfinal.template.stat.ast.Output.exec(Output.java:46)
	at com.jfinal.template.stat.ast.StatList.exec(StatList.java:47)
	at com.jfinal.template.Template.render(Template.java:49)
	at com.jfinal.render.TemplateRender.render(TemplateRender.java:61)
	... 25 more

2017-06-28 10:18:45
[ERROR]-[Thread: main]-[com.jfinal.kit.LogKit.error()]: 
java.lang.NullPointerException
	at org.eclipse.jetty.webapp.ClasspathPattern.match(ClasspathPattern.java:191)
	at org.eclipse.jetty.webapp.WebAppContext.isSystemClass(WebAppContext.java:701)
	at org.eclipse.jetty.webapp.WebAppClassLoader.getResource(WebAppClassLoader.java:340)
	at java.net.URLClassLoader.getResourceAsStream(Unknown Source)
	at com.jfinal.kit.Prop.<init>(Prop.java:58)
	at com.jfinal.kit.Prop.<init>(Prop.java:39)
	at com.jfinal.plugin.cron4j.Cron4jPlugin.<init>(Cron4jPlugin.java:123)
	at com.bdsht.study01.common.MyConfig.configPlugin(MyConfig.java:63)
	at com.jfinal.core.Config.configJFinal(Config.java:53)
	at com.jfinal.core.JFinal.init(JFinal.java:63)
	at com.jfinal.core.JFinalFilter.init(JFinalFilter.java:49)
	at org.eclipse.jetty.servlet.FilterHolder.doStart(FilterHolder.java:119)
	at org.eclipse.jetty.util.component.AbstractLifeCycle.start(AbstractLifeCycle.java:64)
	at org.eclipse.jetty.servlet.ServletHandler.initialize(ServletHandler.java:724)
	at org.eclipse.jetty.servlet.ServletContextHandler.startContext(ServletContextHandler.java:265)
	at org.eclipse.jetty.webapp.WebAppContext.startContext(WebAppContext.java:1250)
	at org.eclipse.jetty.server.handler.ContextHandler.doStart(ContextHandler.java:706)
	at org.eclipse.jetty.webapp.WebAppContext.doStart(WebAppContext.java:492)
	at org.eclipse.jetty.util.component.AbstractLifeCycle.start(AbstractLifeCycle.java:64)
	at org.eclipse.jetty.server.handler.HandlerWrapper.doStart(HandlerWrapper.java:95)
	at org.eclipse.jetty.server.Server.doStart(Server.java:277)
	at org.eclipse.jetty.util.component.AbstractLifeCycle.start(AbstractLifeCycle.java:64)
	at com.jfinal.server.JettyServer.doStart(JettyServer.java:131)
	at com.jfinal.server.JettyServer.start(JettyServer.java:70)
	at com.jfinal.core.JFinal.start(JFinal.java:159)
	at com.bdsht.study01.common.MyConfig.main(MyConfig.java:82)

2017-06-28 10:19:55
[ERROR]-[Thread: main]-[com.jfinal.kit.LogKit.error()]: 
java.lang.NullPointerException
	at org.eclipse.jetty.webapp.ClasspathPattern.match(ClasspathPattern.java:191)
	at org.eclipse.jetty.webapp.WebAppContext.isSystemClass(WebAppContext.java:701)
	at org.eclipse.jetty.webapp.WebAppClassLoader.getResource(WebAppClassLoader.java:340)
	at java.net.URLClassLoader.getResourceAsStream(Unknown Source)
	at com.jfinal.kit.Prop.<init>(Prop.java:58)
	at com.jfinal.kit.Prop.<init>(Prop.java:39)
	at com.jfinal.plugin.cron4j.Cron4jPlugin.<init>(Cron4jPlugin.java:123)
	at com.bdsht.study01.common.MyConfig.configPlugin(MyConfig.java:63)
	at com.jfinal.core.Config.configJFinal(Config.java:53)
	at com.jfinal.core.JFinal.init(JFinal.java:63)
	at com.jfinal.core.JFinalFilter.init(JFinalFilter.java:49)
	at org.eclipse.jetty.servlet.FilterHolder.doStart(FilterHolder.java:119)
	at org.eclipse.jetty.util.component.AbstractLifeCycle.start(AbstractLifeCycle.java:64)
	at org.eclipse.jetty.servlet.ServletHandler.initialize(ServletHandler.java:724)
	at org.eclipse.jetty.servlet.ServletContextHandler.startContext(ServletContextHandler.java:265)
	at org.eclipse.jetty.webapp.WebAppContext.startContext(WebAppContext.java:1250)
	at org.eclipse.jetty.server.handler.ContextHandler.doStart(ContextHandler.java:706)
	at org.eclipse.jetty.webapp.WebAppContext.doStart(WebAppContext.java:492)
	at org.eclipse.jetty.util.component.AbstractLifeCycle.start(AbstractLifeCycle.java:64)
	at org.eclipse.jetty.server.handler.HandlerWrapper.doStart(HandlerWrapper.java:95)
	at org.eclipse.jetty.server.Server.doStart(Server.java:277)
	at org.eclipse.jetty.util.component.AbstractLifeCycle.start(AbstractLifeCycle.java:64)
	at com.jfinal.server.JettyServer.doStart(JettyServer.java:131)
	at com.jfinal.server.JettyServer.start(JettyServer.java:70)
	at com.jfinal.core.JFinal.start(JFinal.java:159)
	at com.bdsht.study01.common.MyConfig.main(MyConfig.java:82)

2017-06-28 10:20:17
[ERROR]-[Thread: main]-[com.jfinal.kit.LogKit.error()]: task1.class not found.
java.lang.IllegalArgumentException: task1.class not found.
	at com.jfinal.plugin.cron4j.Cron4jPlugin.addTask(Cron4jPlugin.java:160)
	at com.jfinal.plugin.cron4j.Cron4jPlugin.<init>(Cron4jPlugin.java:128)
	at com.bdsht.study01.common.MyConfig.configPlugin(MyConfig.java:63)
	at com.jfinal.core.Config.configJFinal(Config.java:53)
	at com.jfinal.core.JFinal.init(JFinal.java:63)
	at com.jfinal.core.JFinalFilter.init(JFinalFilter.java:49)
	at org.eclipse.jetty.servlet.FilterHolder.doStart(FilterHolder.java:119)
	at org.eclipse.jetty.util.component.AbstractLifeCycle.start(AbstractLifeCycle.java:64)
	at org.eclipse.jetty.servlet.ServletHandler.initialize(ServletHandler.java:724)
	at org.eclipse.jetty.servlet.ServletContextHandler.startContext(ServletContextHandler.java:265)
	at org.eclipse.jetty.webapp.WebAppContext.startContext(WebAppContext.java:1250)
	at org.eclipse.jetty.server.handler.ContextHandler.doStart(ContextHandler.java:706)
	at org.eclipse.jetty.webapp.WebAppContext.doStart(WebAppContext.java:492)
	at org.eclipse.jetty.util.component.AbstractLifeCycle.start(AbstractLifeCycle.java:64)
	at org.eclipse.jetty.server.handler.HandlerWrapper.doStart(HandlerWrapper.java:95)
	at org.eclipse.jetty.server.Server.doStart(Server.java:277)
	at org.eclipse.jetty.util.component.AbstractLifeCycle.start(AbstractLifeCycle.java:64)
	at com.jfinal.server.JettyServer.doStart(JettyServer.java:131)
	at com.jfinal.server.JettyServer.start(JettyServer.java:70)
	at com.jfinal.core.JFinal.start(JFinal.java:159)
	at com.bdsht.study01.common.MyConfig.main(MyConfig.java:82)

2017-06-28 10:20:54
[ERROR]-[Thread: main]-[com.jfinal.kit.LogKit.error()]: 
java.lang.NullPointerException
	at org.eclipse.jetty.webapp.ClasspathPattern.match(ClasspathPattern.java:191)
	at org.eclipse.jetty.webapp.WebAppContext.isSystemClass(WebAppContext.java:701)
	at org.eclipse.jetty.webapp.WebAppClassLoader.getResource(WebAppClassLoader.java:340)
	at java.net.URLClassLoader.getResourceAsStream(Unknown Source)
	at com.jfinal.kit.Prop.<init>(Prop.java:58)
	at com.jfinal.kit.Prop.<init>(Prop.java:39)
	at com.jfinal.plugin.cron4j.Cron4jPlugin.<init>(Cron4jPlugin.java:123)
	at com.bdsht.study01.common.MyConfig.configPlugin(MyConfig.java:63)
	at com.jfinal.core.Config.configJFinal(Config.java:53)
	at com.jfinal.core.JFinal.init(JFinal.java:63)
	at com.jfinal.core.JFinalFilter.init(JFinalFilter.java:49)
	at org.eclipse.jetty.servlet.FilterHolder.doStart(FilterHolder.java:119)
	at org.eclipse.jetty.util.component.AbstractLifeCycle.start(AbstractLifeCycle.java:64)
	at org.eclipse.jetty.servlet.ServletHandler.initialize(ServletHandler.java:724)
	at org.eclipse.jetty.servlet.ServletContextHandler.startContext(ServletContextHandler.java:265)
	at org.eclipse.jetty.webapp.WebAppContext.startContext(WebAppContext.java:1250)
	at org.eclipse.jetty.server.handler.ContextHandler.doStart(ContextHandler.java:706)
	at org.eclipse.jetty.webapp.WebAppContext.doStart(WebAppContext.java:492)
	at org.eclipse.jetty.util.component.AbstractLifeCycle.start(AbstractLifeCycle.java:64)
	at org.eclipse.jetty.server.handler.HandlerWrapper.doStart(HandlerWrapper.java:95)
	at org.eclipse.jetty.server.Server.doStart(Server.java:277)
	at org.eclipse.jetty.util.component.AbstractLifeCycle.start(AbstractLifeCycle.java:64)
	at com.jfinal.server.JettyServer.doStart(JettyServer.java:131)
	at com.jfinal.server.JettyServer.start(JettyServer.java:70)
	at com.jfinal.core.JFinal.start(JFinal.java:159)
	at com.bdsht.study01.common.MyConfig.main(MyConfig.java:82)
